2025-09-07T17:37:34.579Z  INFO 7 --- [faturium] [main] com.faturium.FaturiumApplication         : Starting FaturiumApplication v0.0.1-SNAPSHOT using Java 17.0.2 with PID 7 (/app/app.jar started by faturium in /app)
2025-09-07T17:37:34.586Z  INFO 7 --- [faturium] [main] com.faturium.FaturiumApplication         : The following 1 profile is active: "prod"
2025-09-07T17:37:35.860Z  INFO 7 --- [faturium] [main] .s.d.r.c.RepositoryConfigurationDelegate : Multiple Spring Data modules found, entering strict repository configuration mode
2025-09-07T17:37:35.863Z  INFO 7 --- [faturium] [main] .s.d.r.c.RepositoryConfigurationDelegate : Bootstrapping Spring Data JDBC repositories in DEFAULT mode.
2025-09-07T17:37:35.936Z  INFO 7 --- [faturium] [main] .RepositoryConfigurationExtensionSupport : Spring Data JDBC - Could not safely identify store assignment for repository candidate interface com.faturium.domain.repository.ClienteRepository; If you want this repository to be a JDBC repository, consider annotating your entities with one of these annotations: org.springframework.data.relational.core.mapping.Table.
2025-09-07T17:37:35.940Z  INFO 7 --- [faturium] [main] .RepositoryConfigurationExtensionSupport : Spring Data JDBC - Could not safely identify store assignment for repository candidate interface com.faturium.domain.repository.OrganizacaoRepository; If you want this repository to be a JDBC repository, consider annotating your entities with one of these annotations: org.springframework.data.relational.core.mapping.Table.
2025-09-07T17:37:35.942Z  INFO 7 --- [faturium] [main] .RepositoryConfigurationExtensionSupport : Spring Data JDBC - Could not safely identify store assignment for repository candidate interface com.faturium.domain.repository.OrganizationSubscriptionRepository; If you want this repository to be a JDBC repository, consider annotating your entities with one of these annotations: org.springframework.data.relational.core.mapping.Table.
2025-09-07T17:37:35.945Z  INFO 7 --- [faturium] [main] .RepositoryConfigurationExtensionSupport : Spring Data JDBC - Could not safely identify store assignment for repository candidate interface com.faturium.domain.repository.PaymentRepository; If you want this repository to be a JDBC repository, consider annotating your entities with one of these annotations: org.springframework.data.relational.core.mapping.Table.
2025-09-07T17:37:35.948Z  INFO 7 --- [faturium] [main] .RepositoryConfigurationExtensionSupport : Spring Data JDBC - Could not safely identify store assignment for repository candidate interface com.faturium.domain.repository.PedidoRepository; If you want this repository to be a JDBC repository, consider annotating your entities with one of these annotations: org.springframework.data.relational.core.mapping.Table.
2025-09-07T17:37:35.950Z  INFO 7 --- [faturium] [main] .RepositoryConfigurationExtensionSupport : Spring Data JDBC - Could not safely identify store assignment for repository candidate interface com.faturium.domain.repository.PlanRepository; If you want this repository to be a JDBC repository, consider annotating your entities with one of these annotations: org.springframework.data.relational.core.mapping.Table.
2025-09-07T17:37:35.952Z  INFO 7 --- [faturium] [main] .RepositoryConfigurationExtensionSupport : Spring Data JDBC - Could not safely identify store assignment for repository candidate interface com.faturium.domain.repository.ProdutoRepository; If you want this repository to be a JDBC repository, consider annotating your entities with one of these annotations: org.springframework.data.relational.core.mapping.Table.
2025-09-07T17:37:35.954Z  INFO 7 --- [faturium] [main] .RepositoryConfigurationExtensionSupport : Spring Data JDBC - Could not safely identify store assignment for repository candidate interface com.faturium.domain.repository.ServicoRepository; If you want this repository to be a JDBC repository, consider annotating your entities with one of these annotations: org.springframework.data.relational.core.mapping.Table.
2025-09-07T17:37:35.958Z  INFO 7 --- [faturium] [main] .RepositoryConfigurationExtensionSupport : Spring Data JDBC - Could not safely identify store assignment for repository candidate interface com.faturium.domain.repository.UserRepository; If you want this repository to be a JDBC repository, consider annotating your entities with one of these annotations: org.springframework.data.relational.core.mapping.Table.
2025-09-07T17:37:35.960Z  INFO 7 --- [faturium] [main] .s.d.r.c.RepositoryConfigurationDelegate : Finished Spring Data repository scanning in 80 ms. Found 0 JDBC repository interfaces.
2025-09-07T17:37:35.980Z  INFO 7 --- [faturium] [main] .s.d.r.c.RepositoryConfigurationDelegate : Multiple Spring Data modules found, entering strict repository configuration mode
2025-09-07T17:37:35.982Z  INFO 7 --- [faturium] [main] .s.d.r.c.RepositoryConfigurationDelegate : Bootstrapping Spring Data JPA repositories in DEFAULT mode.
2025-09-07T17:37:36.057Z  INFO 7 --- [faturium] [main] .s.d.r.c.RepositoryConfigurationDelegate : Finished Spring Data repository scanning in 61 ms. Found 9 JPA repository interfaces.
2025-09-07T17:37:37.113Z  INFO 7 --- [faturium] [main] o.s.b.w.embedded.tomcat.TomcatWebServer  : Tomcat initialized with port 8080 (http)
2025-09-07T17:37:37.140Z  INFO 7 --- [faturium] [main] o.apache.catalina.core.StandardService   : Starting service [Tomcat]
2025-09-07T17:37:37.141Z  INFO 7 --- [faturium] [main] o.apache.catalina.core.StandardEngine    : Starting Servlet engine: [Apache Tomcat/10.1.34]
2025-09-07T17:37:37.195Z  INFO 7 --- [faturium] [main] o.a.c.c.C.[Tomcat].[localhost].[/]       : Initializing Spring embedded WebApplicationContext
2025-09-07T17:37:37.196Z  INFO 7 --- [faturium] [main] w.s.c.ServletWebServerApplicationContext : Root WebApplicationContext: initialization completed in 2531 ms
2025-09-07T17:37:37.473Z  INFO 7 --- [faturium] [main] o.hibernate.jpa.internal.util.LogHelper  : HHH000204: Processing PersistenceUnitInfo [name: default]
2025-09-07T17:37:37.601Z  INFO 7 --- [faturium] [main] org.hibernate.Version                    : HHH000412: Hibernate ORM core version 6.6.4.Final
2025-09-07T17:37:37.673Z  INFO 7 --- [faturium] [main] o.h.c.internal.RegionFactoryInitiator    : HHH000026: Second-level cache disabled
2025-09-07T17:37:38.179Z  INFO 7 --- [faturium] [main] o.s.o.j.p.SpringPersistenceUnitInfo      : No LoadTimeWeaver setup: ignoring JPA class transformer
2025-09-07T17:37:38.240Z  INFO 7 --- [faturium] [main] com.zaxxer.hikari.HikariDataSource       : HikariPool-1 - Starting...
2025-09-07T17:37:38.401Z  INFO 7 --- [faturium] [main] com.zaxxer.hikari.pool.HikariPool        : HikariPool-1 - Added connection org.mariadb.jdbc.Connection@1f42366
2025-09-07T17:37:38.404Z  INFO 7 --- [faturium] [main] com.zaxxer.hikari.HikariDataSource       : HikariPool-1 - Start completed.
2025-09-07T17:37:38.505Z  INFO 7 --- [faturium] [main] org.hibernate.orm.connections.pooling    : HHH10001005: Database info:
	Database JDBC URL [Connecting through datasource 'HikariDataSource (HikariPool-1)']
	Database driver: undefined/unknown
	Database version: 11.4.4
	Autocommit mode: undefined/unknown
	Isolation level: undefined/unknown
	Minimum pool size: undefined/unknown
	Maximum pool size: undefined/unknown
2025-09-07T17:37:40.467Z  INFO 7 --- [faturium] [main] o.h.e.t.j.p.i.JtaPlatformInitiator       : HHH000489: No JTA platform available (set 'hibernate.transaction.jta.platform' to enable JTA platform integration)
2025-09-07T17:37:40.578Z  INFO 7 --- [faturium] [main] j.LocalContainerEntityManagerFactoryBean : Initialized JPA EntityManagerFactory for persistence unit 'default'
2025-09-07T17:37:41.035Z  INFO 7 --- [faturium] [main] o.s.d.j.r.query.QueryEnhancerFactory     : Hibernate is in classpath; If applicable, HQL parser will be used.
2025-09-07T17:37:42.115Z  WARN 7 --- [faturium] [main] r$InitializeUserDetailsManagerConfigurer : Global AuthenticationManager configured with an AuthenticationProvider bean. UserDetailsService beans will not be used by Spring Security for automatically configuring username/password login. Consider removing the AuthenticationProvider bean. Alternatively, consider using the UserDetailsService in a manually instantiated DaoAuthenticationProvider. If the current configuration is intentional, to turn off this warning, increase the logging level of 'org.springframework.security.config.annotation.authentication.configuration.InitializeUserDetailsBeanManagerConfigurer' to ERROR
2025-09-07T17:37:44.103Z  INFO 7 --- [faturium] [main] o.s.b.w.embedded.tomcat.TomcatWebServer  : Tomcat started on port 8080 (http) with context path '/'
2025-09-07T17:37:44.132Z  INFO 7 --- [faturium] [main] com.faturium.FaturiumApplication         : Started FaturiumApplication in 10.362 seconds (process running for 11.231)
